#
# There is insufficient memory for the Java Runtime Environment to continue.
# Native memory allocation (mmap) failed to map 65536 bytes for Failed to commit metaspace.
# Possible reasons:
#   The system is out of physical RAM or swap space
#   The process is running with CompressedOops enabled, and the Java Heap may be blocking the growth of the native heap
# Possible solutions:
#   Reduce memory load on the system
#   Increase physical memory or swap space
#   Check if swap backing store is full
#   Decrease Java heap size (-Xmx/-Xms)
#   Decrease number of Java threads
#   Decrease Java thread stack sizes (-Xss)
#   Set larger code cache with -XX:ReservedCodeCacheSize=
#   JVM is running with Zero Based Compressed Oops mode in which the Java heap is
#     placed in the first 32GB address space. The Java Heap base address is the
#     maximum limit for the native heap growth. Please use -XX:HeapBaseMinAddress
#     to set the Java Heap base and to place the Java Heap above 32GB virtual address.
# This output file may be truncated or incomplete.
#
#  Out of Memory Error (virtualSpaceNode.cpp:112), pid=33716, tid=57364
#
# JRE version: OpenJDK Runtime Environment Temurin-21+35 (21.0+35) (build 21+35-LTS)
# Java VM: OpenJDK 64-Bit Server VM Temurin-21+35 (21+35-LTS, mixed mode, tiered, compressed oops, compressed class ptrs, g1 gc, windows-amd64)
# No core dump will be written. Minidumps are not enabled by default on client versions of Windows
#

---------------  S U M M A R Y ------------

Command Line: -ea -Didea.test.cyclic.buffer.size=1048576 -javaagent:C:\Users\mai\JetBrains\IntelliJ IDEA\lib\idea_rt.jar=5983:C:\Users\mai\JetBrains\IntelliJ IDEA\bin -Dfile.encoding=UTF-8 -Dsun.stdout.encoding=UTF-8 -Dsun.stderr.encoding=UTF-8 com.intellij.rt.junit.JUnitStarter -ideVersion5 -junit5 ua.mai.zyme.r2dbcmysql.webclient.R2dbsMysqlWebClientForMemberControllerTests,insertMember_ERR101_NotNullNewMemberId

Host: Intel(R) Core(TM) i7-5820K CPU @ 3.30GHz, 12 cores, 31G,  Windows 10 , 64 bit Build 19041 (10.0.19041.4957)
Time: Tue Oct 22 14:43:01 2024  Windows 10 , 64 bit Build 19041 (10.0.19041.4957) elapsed time: 0.203776 seconds (0d 0h 0m 0s)

---------------  T H R E A D  ---------------

Current thread (0x0000014fa6ab02d0):  JavaThread "main"             [_thread_in_vm, id=57364, stack(0x0000000dc2b00000,0x0000000dc2c00000) (1024K)]

Stack: [0x0000000dc2b00000,0x0000000dc2c00000]
Native frames: (J=compiled Java code, j=interpreted, Vv=VM code, C=native code)
V  [jvm.dll+0x6c74b9]
V  [jvm.dll+0x8a1501]
V  [jvm.dll+0x8a393e]
V  [jvm.dll+0x8a4003]
V  [jvm.dll+0x27f6e6]
V  [jvm.dll+0x89d28e]
V  [jvm.dll+0x66a425]
V  [jvm.dll+0x66a48a]
V  [jvm.dll+0x66cc42]
V  [jvm.dll+0x66cb12]
V  [jvm.dll+0x66adfe]
V  [jvm.dll+0x26a870]
V  [jvm.dll+0x216d17]
V  [jvm.dll+0x20c77e]
V  [jvm.dll+0x5a9b2c]
V  [jvm.dll+0x21de5a]
V  [jvm.dll+0x8198f1]
V  [jvm.dll+0x81a924]
V  [jvm.dll+0x81aedd]
V  [jvm.dll+0x81ab78]
V  [jvm.dll+0x26cebb]
V  [jvm.dll+0x3d0fae]
C  0x0000014fb87ba854

The last pc belongs to new (printed below).
Java frames: (J=compiled Java code, j=interpreted, Vv=VM code)
j  java.util.stream.ReferencePipeline$2.opWrapSink(ILjava/util/stream/Sink;)Ljava/util/stream/Sink;+0 java.base@21
j  java.util.stream.AbstractPipeline.wrapSink(Ljava/util/stream/Sink;)Ljava/util/stream/Sink;+23 java.base@21
j  java.util.stream.AbstractPipeline.wrapAndCopyInto(Ljava/util/stream/Sink;Ljava/util/Spliterator;)Ljava/util/stream/Sink;+9 java.base@21
j  java.util.stream.ReduceOps$ReduceOp.evaluateSequential(Ljava/util/stream/PipelineHelper;Ljava/util/Spliterator;)Ljava/lang/Object;+6 java.base@21
j  java.util.stream.AbstractPipeline.evaluate(Ljava/util/stream/TerminalOp;)Ljava/lang/Object;+88 java.base@21
j  java.util.stream.ReferencePipeline.collect(Ljava/util/stream/Collector;)Ljava/lang/Object;+86 java.base@21
j  jdk.internal.module.DefaultRoots.compute(Ljava/lang/module/ModuleFinder;Ljava/lang/module/ModuleFinder;)Ljava/util/Set;+55 java.base@21
j  jdk.internal.module.ModuleBootstrap.boot2()Ljava/lang/ModuleLayer;+727 java.base@21
j  jdk.internal.module.ModuleBootstrap.boot()Ljava/lang/ModuleLayer;+64 java.base@21
j  java.lang.System.initPhase2(ZZ)I+0 java.base@21
v  ~StubRoutines::call_stub 0x0000014fb87a100d
new  187 new  [0x0000014fb87ba6c0, 0x0000014fb87ba8c8]  520 bytes
[MachCode]
  0x0000014fb87ba6c0: 4883 ec08 | c5fa 1104 | 24eb 1f48 | 83ec 10c5 | fb11 0424 | eb14 4883 | ec10 4889 | 0424 48c7 
  0x0000014fb87ba6e0: 4424 0800 | 0000 00eb | 0150 410f | b755 010f | cac1 ea10 | 488b 4de8 | 488b 4908 | 488b 4908 
  0x0000014fb87ba700: 488b 4108 | 807c 1004 | 070f 85d3 | 0000 0066 | 8b54 d148 | 488b 4928 | 488b 4cd1 | 0851 80b9 
  0x0000014fb87ba720: 2001 0000 | 050f 85b6 | 0000 008b | 5108 f6c2 | 010f 85aa | 0000 0049 | 8b87 b801 | 0000 488d 
  0x0000014fb87ba740: 1c10 493b | 9fc8 0100 | 000f 8792 | 0000 0049 | 899f b801 | 0000 4883 | ea10 0f84 | 0f00 0000 
  0x0000014fb87ba760: 33c9 c1ea | 0348 894c | d008 48ff | ca75 f648 | c700 0100 | 0000 5933 | f689 700c | 49ba 0000 
  0x0000014fb87ba780: 0000 0800 | 0000 492b | ca89 4808 | 49ba 7f7a | cbab fc7f | 0000 4180 | 3a00 0f84 | 3c00 0000 
  0x0000014fb87ba7a0: 5048 8bc8 | 4883 ec20 | 40f6 c40f | 0f84 1900 | 0000 4883 | ec08 48b8 | 70d4 75ab | fc7f 0000 
  0x0000014fb87ba7c0: ffd0 4883 | c408 e90c | 0000 0048 | b870 d475 | abfc 7f00 | 00ff d048 | 83c4 2058 | e9cb 0000 
  0x0000014fb87ba7e0: 0059 488b | 55e8 488b | 5208 488b | 5208 450f | b745 0141 | 0fc8 41c1 | e810 e805 | 0000 00e9 
  0x0000014fb87ba800: a800 0000 | 488d 4424 | 084c 896d | c049 8bcf | c5f8 7749 | 89af a803 | 0000 4989 | 8798 0300 
  0x0000014fb87ba820: 0048 83ec | 2040 f6c4 | 0f0f 8419 | 0000 0048 | 83ec 0848 | b860 0f40 | abfc 7f00 | 00ff d048 
  0x0000014fb87ba840: 83c4 08e9 | 0c00 0000 | 48b8 600f | 40ab fc7f | 0000 ffd0 | 4883 c420 | 49c7 8798 | 0300 0000 
  0x0000014fb87ba860: 0000 0049 | c787 a803 | 0000 0000 | 0000 49c7 | 87a0 0300 | 0000 0000 | 00c5 f877 | 4983 7f08 
  0x0000014fb87ba880: 000f 8405 | 0000 00e9 | 7466 feff | 498b 87f0 | 0300 0049 | c787 f003 | 0000 0000 | 0000 4c8b 
  0x0000014fb87ba8a0: 6dc0 4c8b | 75c8 4e8d | 74f5 00c3 | 410f b65d | 0349 83c5 | 0349 ba20 | 34ce abfc | 7f00 0041 
  0x0000014fb87ba8c0: ff24 da0f | 1f44 0000 
[/MachCode]

---------------  P R O C E S S  ---------------

Threads class SMR info:
_java_thread_list=0x0000014fcd6841d0, length=10, elements={
0x0000014fa6ab02d0, 0x0000014fcd4ae320, 0x0000014fcd4f3880, 0x0000014fcd5046a0,
0x0000014fcd4dc310, 0x0000014fcd4dcd70, 0x0000014fcd4df7e0, 0x0000014fcd50d050,
0x0000014fcd4e7b60, 0x0000014fcd691ce0
}

Java Threads: ( => current thread )
=>0x0000014fa6ab02d0 JavaThread "main"                              [_thread_in_vm, id=57364, stack(0x0000000dc2b00000,0x0000000dc2c00000) (1024K)]
  0x0000014fcd4ae320 JavaThread "Reference Handler"          daemon [_thread_blocked, id=57484, stack(0x0000000dc3300000,0x0000000dc3400000) (1024K)]
  0x0000014fcd4f3880 JavaThread "Finalizer"                  daemon [_thread_blocked, id=26480, stack(0x0000000dc3400000,0x0000000dc3500000) (1024K)]
  0x0000014fcd5046a0 JavaThread "Signal Dispatcher"          daemon [_thread_blocked, id=58528, stack(0x0000000dc3500000,0x0000000dc3600000) (1024K)]
  0x0000014fcd4dc310 JavaThread "Attach Listener"            daemon [_thread_blocked, id=29744, stack(0x0000000dc3600000,0x0000000dc3700000) (1024K)]
  0x0000014fcd4dcd70 JavaThread "Service Thread"             daemon [_thread_blocked, id=57264, stack(0x0000000dc3700000,0x0000000dc3800000) (1024K)]
  0x0000014fcd4df7e0 JavaThread "Monitor Deflation Thread"   daemon [_thread_blocked, id=30648, stack(0x0000000dc3800000,0x0000000dc3900000) (1024K)]
  0x0000014fcd50d050 JavaThread "C2 CompilerThread0"         daemon [_thread_blocked, id=19616, stack(0x0000000dc3900000,0x0000000dc3a00000) (1024K)]
  0x0000014fcd4e7b60 JavaThread "C1 CompilerThread0"         daemon [_thread_blocked, id=27936, stack(0x0000000dc3a00000,0x0000000dc3b00000) (1024K)]
  0x0000014fcd691ce0 JavaThread "Common-Cleaner"             daemon [_thread_blocked, id=59112, stack(0x0000000dc3b00000,0x0000000dc3c00000) (1024K)]
Total: 10

Other Threads:
  0x0000014fcd43a170 VMThread "VM Thread"                           [id=10100, stack(0x0000000dc3200000,0x0000000dc3300000) (1024K)]
  0x0000014fca93aaa0 WatcherThread "VM Periodic Task Thread"        [id=46380, stack(0x0000000dc3100000,0x0000000dc3200000) (1024K)]
  0x0000014fa8c2ae00 WorkerThread "GC Thread#0"                     [id=55888, stack(0x0000000dc2c00000,0x0000000dc2d00000) (1024K)]
  0x0000014fa8c3bde0 ConcurrentGCThread "G1 Main Marker"            [id=54984, stack(0x0000000dc2d00000,0x0000000dc2e00000) (1024K)]
  0x0000014fa8c3d080 WorkerThread "G1 Conc#0"                       [id=38240, stack(0x0000000dc2e00000,0x0000000dc2f00000) (1024K)]
  0x0000014fa8c7e400 ConcurrentGCThread "G1 Refine#0"               [id=42152, stack(0x0000000dc2f00000,0x0000000dc3000000) (1024K)]
  0x0000014fca7f7090 ConcurrentGCThread "G1 Service"                [id=53988, stack(0x0000000dc3000000,0x0000000dc3100000) (1024K)]
Total: 7

Threads with active compile tasks:
Total: 0

VM state: not at safepoint (normal execution)

VM Mutex/Monitor currently owned by a thread:  ([mutex/lock_event])
[0x00007ffcabccd978] Metaspace_lock - owner thread: 0x0000014fa6ab02d0

Heap address: 0x0000000601800000, size: 8168 MB, Compressed Oops mode: Zero based, Oop shift amount: 3

CDS archive(s) not mapped
Compressed class space mapped at: 0x0000000800000000-0x0000000840000000, reserved size: 1073741824
Narrow klass base: 0x0000000800000000, Narrow klass shift: 0, Narrow klass range: 0x40000000

GC Precious Log:
 CardTable entry size: 512
 Card Set container configuration: InlinePtr #cards 4 size 8 Array Of Cards #cards 32 size 80 Howl #buckets 8 coarsen threshold 7372 Howl Bitmap #cards 1024 size 144 coarsen threshold 921 Card regions per heap region 1 cards per card region 8192
 CPUs: 12 total, 12 available
 Memory: 32669M
 Large Page Support: Disabled
 NUMA Support: Disabled
 Compressed Oops: Enabled (Zero based)
 Heap Region Size: 4M
 Heap Min Capacity: 8M
 Heap Initial Capacity: 512M
 Heap Max Capacity: 8168M
 Pre-touch: Disabled
 Parallel Workers: 10
 Concurrent Workers: 3
 Concurrent Refinement Workers: 10
 Periodic GC: Disabled

Heap:
 garbage-first heap   total 524288K, used 0K [0x0000000601800000, 0x0000000800000000)
  region size 4096K, 1 young (4096K), 0 survivors (0K)
 Metaspace       used 5415K, committed 5568K, reserved 1114112K
  class space    used 421K, committed 512K, reserved 1048576K

Heap Regions: E=young(eden), S=young(survivor), O=old, HS=humongous(starts), HC=humongous(continues), CS=collection set, F=free, TAMS=top-at-mark-start, PB=parsable bottom
|   0|0x0000000601800000, 0x0000000601800000, 0x0000000601c00000|  0%| F|  |TAMS 0x0000000601800000| PB 0x0000000601800000| Untracked 
|   1|0x0000000601c00000, 0x0000000601c00000, 0x0000000602000000|  0%| F|  |TAMS 0x0000000601c00000| PB 0x0000000601c00000| Untracked 
|   2|0x0000000602000000, 0x0000000602000000, 0x0000000602400000|  0%| F|  |TAMS 0x0000000602000000| PB 0x0000000602000000| Untracked 
|   3|0x0000000602400000, 0x0000000602400000, 0x0000000602800000|  0%| F|  |TAMS 0x0000000602400000| PB 0x0000000602400000| Untracked 
|   4|0x0000000602800000, 0x0000000602800000, 0x0000000602c00000|  0%| F|  |TAMS 0x0000000602800000| PB 0x0000000602800000| Untracked 
|   5|0x0000000602c00000, 0x0000000602c00000, 0x0000000603000000|  0%| F|  |TAMS 0x0000000602c00000| PB 0x0000000602c00000| Untracked 
|   6|0x0000000603000000, 0x0000000603000000, 0x0000000603400000|  0%| F|  |TAMS 0x0000000603000000| PB 0x0000000603000000| Untracked 
|   7|0x0000000603400000, 0x0000000603400000, 0x0000000603800000|  0%| F|  |TAMS 0x0000000603400000| PB 0x0000000603400000| Untracked 
|   8|0x0000000603800000, 0x0000000603800000, 0x0000000603c00000|  0%| F|  |TAMS 0x0000000603800000| PB 0x0000000603800000| Untracked 
|   9|0x0000000603c00000, 0x0000000603c00000, 0x0000000604000000|  0%| F|  |TAMS 0x0000000603c00000| PB 0x0000000603c00000| Untracked 
|  10|0x0000000604000000, 0x0000000604000000, 0x0000000604400000|  0%| F|  |TAMS 0x0000000604000000| PB 0x0000000604000000| Untracked 
|  11|0x0000000604400000, 0x0000000604400000, 0x0000000604800000|  0%| F|  |TAMS 0x0000000604400000| PB 0x0000000604400000| Untracked 
|  12|0x0000000604800000, 0x0000000604800000, 0x0000000604c00000|  0%| F|  |TAMS 0x0000000604800000| PB 0x0000000604800000| Untracked 
|  13|0x0000000604c00000, 0x0000000604c00000, 0x0000000605000000|  0%| F|  |TAMS 0x0000000604c00000| PB 0x0000000604c00000| Untracked 
|  14|0x0000000605000000, 0x0000000605000000, 0x0000000605400000|  0%| F|  |TAMS 0x0000000605000000| PB 0x0000000605000000| Untracked 
|  15|0x0000000605400000, 0x0000000605400000, 0x0000000605800000|  0%| F|  |TAMS 0x0000000605400000| PB 0x0000000605400000| Untracked 
|  16|0x0000000605800000, 0x0000000605800000, 0x0000000605c00000|  0%| F|  |TAMS 0x0000000605800000| PB 0x0000000605800000| Untracked 
|  17|0x0000000605c00000, 0x0000000605c00000, 0x0000000606000000|  0%| F|  |TAMS 0x0000000605c00000| PB 0x0000000605c00000| Untracked 
|  18|0x0000000606000000, 0x0000000606000000, 0x0000000606400000|  0%| F|  |TAMS 0x0000000606000000| PB 0x0000000606000000| Untracked 
|  19|0x0000000606400000, 0x0000000606400000, 0x0000000606800000|  0%| F|  |TAMS 0x0000000606400000| PB 0x0000000606400000| Untracked 
|  20|0x0000000606800000, 0x0000000606800000, 0x0000000606c00000|  0%| F|  |TAMS 0x0000000606800000| PB 0x0000000606800000| Untracked 
|  21|0x0000000606c00000, 0x0000000606c00000, 0x0000000607000000|  0%| F|  |TAMS 0x0000000606c00000| PB 0x0000000606c00000| Untracked 
|  22|0x0000000607000000, 0x0000000607000000, 0x0000000607400000|  0%| F|  |TAMS 0x0000000607000000| PB 0x0000000607000000| Untracked 
|  23|0x0000000607400000, 0x0000000607400000, 0x0000000607800000|  0%| F|  |TAMS 0x0000000607400000| PB 0x0000000607400000| Untracked 
|  24|0x0000000607800000, 0x0000000607800000, 0x0000000607c00000|  0%| F|  |TAMS 0x0000000607800000| PB 0x0000000607800000| Untracked 
|  25|0x0000000607c00000, 0x0000000607c00000, 0x0000000608000000|  0%| F|  |TAMS 0x0000000607c00000| PB 0x0000000607c00000| Untracked 
|  26|0x0000000608000000, 0x0000000608000000, 0x0000000608400000|  0%| F|  |TAMS 0x0000000608000000| PB 0x0000000608000000| Untracked 
|  27|0x0000000608400000, 0x0000000608400000, 0x0000000608800000|  0%| F|  |TAMS 0x0000000608400000| PB 0x0000000608400000| Untracked 
|  28|0x0000000608800000, 0x0000000608800000, 0x0000000608c00000|  0%| F|  |TAMS 0x0000000608800000| PB 0x0000000608800000| Untracked 
|  29|0x0000000608c00000, 0x0000000608c00000, 0x0000000609000000|  0%| F|  |TAMS 0x0000000608c00000| PB 0x0000000608c00000| Untracked 
|  30|0x0000000609000000, 0x0000000609000000, 0x0000000609400000|  0%| F|  |TAMS 0x0000000609000000| PB 0x0000000609000000| Untracked 
|  31|0x0000000609400000, 0x0000000609400000, 0x0000000609800000|  0%| F|  |TAMS 0x0000000609400000| PB 0x0000000609400000| Untracked 
|  32|0x0000000609800000, 0x0000000609800000, 0x0000000609c00000|  0%| F|  |TAMS 0x0000000609800000| PB 0x0000000609800000| Untracked 
|  33|0x0000000609c00000, 0x0000000609c00000, 0x000000060a000000|  0%| F|  |TAMS 0x0000000609c00000| PB 0x0000000609c00000| Untracked 
|  34|0x000000060a000000, 0x000000060a000000, 0x000000060a400000|  0%| F|  |TAMS 0x000000060a000000| PB 0x000000060a000000| Untracked 
|  35|0x000000060a400000, 0x000000060a400000, 0x000000060a800000|  0%| F|  |TAMS 0x000000060a400000| PB 0x000000060a400000| Untracked 
|  36|0x000000060a800000, 0x000000060a800000, 0x000000060ac00000|  0%| F|  |TAMS 0x000000060a800000| PB 0x000000060a800000| Untracked 
|  37|0x000000060ac00000, 0x000000060ac00000, 0x000000060b000000|  0%| F|  |TAMS 0x000000060ac00000| PB 0x000000060ac00000| Untracked 
|  38|0x000000060b000000, 0x000000060b000000, 0x000000060b400000|  0%| F|  |TAMS 0x000000060b000000| PB 0x000000060b000000| Untracked 
|  39|0x000000060b400000, 0x000000060b400000, 0x000000060b800000|  0%| F|  |TAMS 0x000000060b400000| PB 0x000000060b400000| Untracked 
|  40|0x000000060b800000, 0x000000060b800000, 0x000000060bc00000|  0%| F|  |TAMS 0x000000060b800000| PB 0x000000060b800000| Untracked 
|  41|0x000000060bc00000, 0x000000060bc00000, 0x000000060c000000|  0%| F|  |TAMS 0x000000060bc00000| PB 0x000000060bc00000| Untracked 
|  42|0x000000060c000000, 0x000000060c000000, 0x000000060c400000|  0%| F|  |TAMS 0x000000060c000000| PB 0x000000060c000000| Untracked 
|  43|0x000000060c400000, 0x000000060c400000, 0x000000060c800000|  0%| F|  |TAMS 0x000000060c400000| PB 0x000000060c400000| Untracked 
|  44|0x000000060c800000, 0x000000060c800000, 0x000000060cc00000|  0%| F|  |TAMS 0x000000060c800000| PB 0x000000060c800000| Untracked 
|  45|0x000000060cc00000, 0x000000060cc00000, 0x000000060d000000|  0%| F|  |TAMS 0x000000060cc00000| PB 0x000000060cc00000| Untracked 
|  46|0x000000060d000000, 0x000000060d000000, 0x000000060d400000|  0%| F|  |TAMS 0x000000060d000000| PB 0x000000060d000000| Untracked 
|  47|0x000000060d400000, 0x000000060d400000, 0x000000060d800000|  0%| F|  |TAMS 0x000000060d400000| PB 0x000000060d400000| Untracked 
|  48|0x000000060d800000, 0x000000060d800000, 0x000000060dc00000|  0%| F|  |TAMS 0x000000060d800000| PB 0x000000060d800000| Untracked 
|  49|0x000000060dc00000, 0x000000060dc00000, 0x000000060e000000|  0%| F|  |TAMS 0x000000060dc00000| PB 0x000000060dc00000| Untracked 
|  50|0x000000060e000000, 0x000000060e000000, 0x000000060e400000|  0%| F|  |TAMS 0x000000060e000000| PB 0x000000060e000000| Untracked 
|  51|0x000000060e400000, 0x000000060e400000, 0x000000060e800000|  0%| F|  |TAMS 0x000000060e400000| PB 0x000000060e400000| Untracked 
|  52|0x000000060e800000, 0x000000060e800000, 0x000000060ec00000|  0%| F|  |TAMS 0x000000060e800000| PB 0x000000060e800000| Untracked 
|  53|0x000000060ec00000, 0x000000060ec00000, 0x000000060f000000|  0%| F|  |TAMS 0x000000060ec00000| PB 0x000000060ec00000| Untracked 
|  54|0x000000060f000000, 0x000000060f000000, 0x000000060f400000|  0%| F|  |TAMS 0x000000060f000000| PB 0x000000060f000000| Untracked 
|  55|0x000000060f400000, 0x000000060f400000, 0x000000060f800000|  0%| F|  |TAMS 0x000000060f400000| PB 0x000000060f400000| Untracked 
|  56|0x000000060f800000, 0x000000060f800000, 0x000000060fc00000|  0%| F|  |TAMS 0x000000060f800000| PB 0x000000060f800000| Untracked 
|  57|0x000000060fc00000, 0x000000060fc00000, 0x0000000610000000|  0%| F|  |TAMS 0x000000060fc00000| PB 0x000000060fc00000| Untracked 
|  58|0x0000000610000000, 0x0000000610000000, 0x0000000610400000|  0%| F|  |TAMS 0x0000000610000000| PB 0x0000000610000000| Untracked 
|  59|0x0000000610400000, 0x0000000610400000, 0x0000000610800000|  0%| F|  |TAMS 0x0000000610400000| PB 0x0000000610400000| Untracked 
|  60|0x0000000610800000, 0x0000000610800000, 0x0000000610c00000|  0%| F|  |TAMS 0x0000000610800000| PB 0x0000000610800000| Untracked 
|  61|0x0000000610c00000, 0x0000000610c00000, 0x0000000611000000|  0%| F|  |TAMS 0x0000000610c00000| PB 0x0000000610c00000| Untracked 
|  62|0x0000000611000000, 0x0000000611000000, 0x0000000611400000|  0%| F|  |TAMS 0x0000000611000000| PB 0x0000000611000000| Untracked 
|  63|0x0000000611400000, 0x0000000611400000, 0x0000000611800000|  0%| F|  |TAMS 0x0000000611400000| PB 0x0000000611400000| Untracked 
|  64|0x0000000611800000, 0x0000000611800000, 0x0000000611c00000|  0%| F|  |TAMS 0x0000000611800000| PB 0x0000000611800000| Untracked 
|  65|0x0000000611c00000, 0x0000000611c00000, 0x0000000612000000|  0%| F|  |TAMS 0x0000000611c00000| PB 0x0000000611c00000| Untracked 
|  66|0x0000000612000000, 0x0000000612000000, 0x0000000612400000|  0%| F|  |TAMS 0x0000000612000000| PB 0x0000000612000000| Untracked 
|  67|0x0000000612400000, 0x0000000612400000, 0x0000000612800000|  0%| F|  |TAMS 0x0000000612400000| PB 0x0000000612400000| Untracked 
|  68|0x0000000612800000, 0x0000000612800000, 0x0000000612c00000|  0%| F|  |TAMS 0x0000000612800000| PB 0x0000000612800000| Untracked 
|  69|0x0000000612c00000, 0x0000000612c00000, 0x0000000613000000|  0%| F|  |TAMS 0x0000000612c00000| PB 0x0000000612c00000| Untracked 
|  70|0x0000000613000000, 0x0000000613000000, 0x0000000613400000|  0%| F|  |TAMS 0x0000000613000000| PB 0x0000000613000000| Untracked 
|  71|0x0000000613400000, 0x0000000613400000, 0x0000000613800000|  0%| F|  |TAMS 0x0000000613400000| PB 0x0000000613400000| Untracked 
|  72|0x0000000613800000, 0x0000000613800000, 0x0000000613c00000|  0%| F|  |TAMS 0x0000000613800000| PB 0x0000000613800000| Untracked 
|  73|0x0000000613c00000, 0x0000000613c00000, 0x0000000614000000|  0%| F|  |TAMS 0x0000000613c00000| PB 0x0000000613c00000| Untracked 
|  74|0x0000000614000000, 0x0000000614000000, 0x0000000614400000|  0%| F|  |TAMS 0x0000000614000000| PB 0x0000000614000000| Untracked 
|  75|0x0000000614400000, 0x0000000614400000, 0x0000000614800000|  0%| F|  |TAMS 0x0000000614400000| PB 0x0000000614400000| Untracked 
|  76|0x0000000614800000, 0x0000000614800000, 0x0000000614c00000|  0%| F|  |TAMS 0x0000000614800000| PB 0x0000000614800000| Untracked 
|  77|0x0000000614c00000, 0x0000000614c00000, 0x0000000615000000|  0%| F|  |TAMS 0x0000000614c00000| PB 0x0000000614c00000| Untracked 
|  78|0x0000000615000000, 0x0000000615000000, 0x0000000615400000|  0%| F|  |TAMS 0x0000000615000000| PB 0x0000000615000000| Untracked 
|  79|0x0000000615400000, 0x0000000615400000, 0x0000000615800000|  0%| F|  |TAMS 0x0000000615400000| PB 0x0000000615400000| Untracked 
|  80|0x0000000615800000, 0x0000000615800000, 0x0000000615c00000|  0%| F|  |TAMS 0x0000000615800000| PB 0x0000000615800000| Untracked 
|  81|0x0000000615c00000, 0x0000000615c00000, 0x0000000616000000|  0%| F|  |TAMS 0x0000000615c00000| PB 0x0000000615c00000| Untracked 
|  82|0x0000000616000000, 0x0000000616000000, 0x0000000616400000|  0%| F|  |TAMS 0x0000000616000000| PB 0x0000000616000000| Untracked 
|  83|0x0000000616400000, 0x0000000616400000, 0x0000000616800000|  0%| F|  |TAMS 0x0000000616400000| PB 0x0000000616400000| Untracked 
|  84|0x0000000616800000, 0x0000000616800000, 0x0000000616c00000|  0%| F|  |TAMS 0x0000000616800000| PB 0x0000000616800000| Untracked 
|  85|0x0000000616c00000, 0x0000000616c00000, 0x0000000617000000|  0%| F|  |TAMS 0x0000000616c00000| PB 0x0000000616c00000| Untracked 
|  86|0x0000000617000000, 0x0000000617000000, 0x0000000617400000|  0%| F|  |TAMS 0x0000000617000000| PB 0x0000000617000000| Untracked 
|  87|0x0000000617400000, 0x0000000617400000, 0x0000000617800000|  0%| F|  |TAMS 0x0000000617400000| PB 0x0000000617400000| Untracked 
|  88|0x0000000617800000, 0x0000000617800000, 0x0000000617c00000|  0%| F|  |TAMS 0x0000000617800000| PB 0x0000000617800000| Untracked 
|  89|0x0000000617c00000, 0x0000000617c00000, 0x0000000618000000|  0%| F|  |TAMS 0x0000000617c00000| PB 0x0000000617c00000| Untracked 
|  90|0x0000000618000000, 0x0000000618000000, 0x0000000618400000|  0%| F|  |TAMS 0x0000000618000000| PB 0x0000000618000000| Untracked 
|  91|0x0000000618400000, 0x0000000618400000, 0x0000000618800000|  0%| F|  |TAMS 0x0000000618400000| PB 0x0000000618400000| Untracked 
|  92|0x0000000618800000, 0x0000000618800000, 0x0000000618c00000|  0%| F|  |TAMS 0x0000000618800000| PB 0x0000000618800000| Untracked 
|  93|0x0000000618c00000, 0x0000000618c00000, 0x0000000619000000|  0%| F|  |TAMS 0x0000000618c00000| PB 0x0000000618c00000| Untracked 
|  94|0x0000000619000000, 0x0000000619000000, 0x0000000619400000|  0%| F|  |TAMS 0x0000000619000000| PB 0x0000000619000000| Untracked 
|  95|0x0000000619400000, 0x0000000619400000, 0x0000000619800000|  0%| F|  |TAMS 0x0000000619400000| PB 0x0000000619400000| Untracked 
|  96|0x0000000619800000, 0x0000000619800000, 0x0000000619c00000|  0%| F|  |TAMS 0x0000000619800000| PB 0x0000000619800000| Untracked 
|  97|0x0000000619c00000, 0x0000000619c00000, 0x000000061a000000|  0%| F|  |TAMS 0x0000000619c00000| PB 0x0000000619c00000| Untracked 
|  98|0x000000061a000000, 0x000000061a000000, 0x000000061a400000|  0%| F|  |TAMS 0x000000061a000000| PB 0x000000061a000000| Untracked 
|  99|0x000000061a400000, 0x000000061a400000, 0x000000061a800000|  0%| F|  |TAMS 0x000000061a400000| PB 0x000000061a400000| Untracked 
| 100|0x000000061a800000, 0x000000061a800000, 0x000000061ac00000|  0%| F|  |TAMS 0x000000061a800000| PB 0x000000061a800000| Untracked 
| 101|0x000000061ac00000, 0x000000061ac00000, 0x000000061b000000|  0%| F|  |TAMS 0x000000061ac00000| PB 0x000000061ac00000| Untracked 
| 102|0x000000061b000000, 0x000000061b000000, 0x000000061b400000|  0%| F|  |TAMS 0x000000061b000000| PB 0x000000061b000000| Untracked 
| 103|0x000000061b400000, 0x000000061b400000, 0x000000061b800000|  0%| F|  |TAMS 0x000000061b400000| PB 0x000000061b400000| Untracked 
| 104|0x000000061b800000, 0x000000061b800000, 0x000000061bc00000|  0%| F|  |TAMS 0x000000061b800000| PB 0x000000061b800000| Untracked 
| 105|0x000000061bc00000, 0x000000061bc00000, 0x000000061c000000|  0%| F|  |TAMS 0x000000061bc00000| PB 0x000000061bc00000| Untracked 
| 106|0x000000061c000000, 0x000000061c000000, 0x000000061c400000|  0%| F|  |TAMS 0x000000061c000000| PB 0x000000061c000000| Untracked 
| 107|0x000000061c400000, 0x000000061c400000, 0x000000061c800000|  0%| F|  |TAMS 0x000000061c400000| PB 0x000000061c400000| Untracked 
| 108|0x000000061c800000, 0x000000061c800000, 0x000000061cc00000|  0%| F|  |TAMS 0x000000061c800000| PB 0x000000061c800000| Untracked 
| 109|0x000000061cc00000, 0x000000061cc00000, 0x000000061d000000|  0%| F|  |TAMS 0x000000061cc00000| PB 0x000000061cc00000| Untracked 
| 110|0x000000061d000000, 0x000000061d000000, 0x000000061d400000|  0%| F|  |TAMS 0x000000061d000000| PB 0x000000061d000000| Untracked 
| 111|0x000000061d400000, 0x000000061d400000, 0x000000061d800000|  0%| F|  |TAMS 0x000000061d400000| PB 0x000000061d400000| Untracked 
| 112|0x000000061d800000, 0x000000061d800000, 0x000000061dc00000|  0%| F|  |TAMS 0x000000061d800000| PB 0x000000061d800000| Untracked 
| 113|0x000000061dc00000, 0x000000061dc00000, 0x000000061e000000|  0%| F|  |TAMS 0x000000061dc00000| PB 0x000000061dc00000| Untracked 
| 114|0x000000061e000000, 0x000000061e000000, 0x000000061e400000|  0%| F|  |TAMS 0x000000061e000000| PB 0x000000061e000000| Untracked 
| 115|0x000000061e400000, 0x000000061e400000, 0x000000061e800000|  0%| F|  |TAMS 0x000000061e400000| PB 0x000000061e400000| Untracked 
| 116|0x000000061e800000, 0x000000061e800000, 0x000000061ec00000|  0%| F|  |TAMS 0x000000061e800000| PB 0x000000061e800000| Untracked 
| 117|0x000000061ec00000, 0x000000061ec00000, 0x000000061f000000|  0%| F|  |TAMS 0x000000061ec00000| PB 0x000000061ec00000| Untracked 
| 118|0x000000061f000000, 0x000000061f000000, 0x000000061f400000|  0%| F|  |TAMS 0x000000061f000000| PB 0x000000061f000000| Untracked 
| 119|0x000000061f400000, 0x000000061f400000, 0x000000061f800000|  0%| F|  |TAMS 0x000000061f400000| PB 0x000000061f400000| Untracked 
| 120|0x000000061f800000, 0x000000061f800000, 0x000000061fc00000|  0%| F|  |TAMS 0x000000061f800000| PB 0x000000061f800000| Untracked 
| 121|0x000000061fc00000, 0x000000061fc00000, 0x0000000620000000|  0%| F|  |TAMS 0x000000061fc00000| PB 0x000000061fc00000| Untracked 
| 122|0x0000000620000000, 0x0000000620000000, 0x0000000620400000|  0%| F|  |TAMS 0x0000000620000000| PB 0x0000000620000000| Untracked 
| 123|0x0000000620400000, 0x0000000620400000, 0x0000000620800000|  0%| F|  |TAMS 0x0000000620400000| PB 0x0000000620400000| Untracked 
| 124|0x0000000620800000, 0x0000000620800000, 0x0000000620c00000|  0%| F|  |TAMS 0x0000000620800000| PB 0x0000000620800000| Untracked 
| 125|0x0000000620c00000, 0x0000000620c00000, 0x0000000621000000|  0%| F|  |TAMS 0x0000000620c00000| PB 0x0000000620c00000| Untracked 
| 126|0x0000000621000000, 0x0000000621000000, 0x0000000621400000|  0%| F|  |TAMS 0x0000000621000000| PB 0x0000000621000000| Untracked 
| 127|0x0000000621400000, 0x00000006216e1710, 0x0000000621800000| 72%| E|  |TAMS 0x0000000621400000| PB 0x0000000621400000| Complete 

Card table byte_map: [0x0000014fc17c0000,0x0000014fc27c0000] _byte_map_base: 0x0000014fbe7b4000

Marking Bits: (CMBitMap*) 0x0000014fa8c2b410
 Bits: [0x0000014fc27c0000, 0x0000014fca760000)

Polling page: 0x0000014fa6a40000

Metaspace:

Usage:
  Non-class:      4.88 MB used.
      Class:    421.89 KB used.
       Both:      5.29 MB used.

Virtual space:
  Non-class space:       64.00 MB reserved,       4.94 MB (  8%) committed,  1 nodes.
      Class space:        1.00 GB reserved,     512.00 KB ( <1%) committed,  1 nodes.
             Both:        1.06 GB reserved,       5.44 MB ( <1%) committed. 

Chunk freelists:
   Non-Class:  11.00 MB
       Class:  15.56 MB
        Both:  26.56 MB

MaxMetaspaceSize: unlimited
CompressedClassSpaceSize: 1.00 GB
Initial GC threshold: 21.00 MB
Current GC threshold: 21.00 MB
CDS: off
 - commit_granule_bytes: 65536.
 - commit_granule_words: 8192.
 - virtual_space_node_default_size: 8388608.
 - enlarge_chunks_in_place: 1.
 - use_allocation_guard: 0.


Internal statistics:

num_allocs_failed_limit: 0.
num_arena_births: 6.
num_arena_deaths: 0.
num_vsnodes_births: 2.
num_vsnodes_deaths: 0.
num_space_committed: 87.
num_space_uncommitted: 0.
num_chunks_returned_to_freelist: 0.
num_chunks_taken_from_freelist: 10.
num_chunk_merges: 0.
num_chunk_splits: 6.
num_chunks_enlarged: 2.
num_inconsistent_stats: 0.

CodeHeap 'non-profiled nmethods': size=120000Kb used=33Kb max_used=33Kb free=119966Kb
 bounds [0x0000014fb8d40000, 0x0000014fb8fb0000, 0x0000014fc0270000]
CodeHeap 'profiled nmethods': size=120000Kb used=126Kb max_used=126Kb free=119873Kb
 bounds [0x0000014fb1270000, 0x0000014fb14e0000, 0x0000014fb87a0000]
CodeHeap 'non-nmethods': size=5760Kb used=1237Kb max_used=1237Kb free=4522Kb
 bounds [0x0000014fb87a0000, 0x0000014fb8a10000, 0x0000014fb8d40000]
 total_blobs=470 nmethods=109 adapters=266
 compilation: enabled
              stopped_count=0, restarted_count=0
 full_count=0

Compilation events (20 events):
Event: 0.199 Thread 0x0000014fcd4e7b60   97       3       java.lang.invoke.MemberName::anyFlagSet (15 bytes)
Event: 0.199 Thread 0x0000014fcd4e7b60 nmethod 97 0x0000014fb128ac90 code [0x0000014fb128ae20, 0x0000014fb128af90]
Event: 0.199 Thread 0x0000014fcd4e7b60   98       1       java.lang.invoke.MethodType::form (5 bytes)
Event: 0.199 Thread 0x0000014fcd4e7b60 nmethod 98 0x0000014fb8d47710 code [0x0000014fb8d478a0, 0x0000014fb8d47970]
Event: 0.199 Thread 0x0000014fcd4e7b60   99       1       java.lang.invoke.MethodType::ptypes (5 bytes)
Event: 0.199 Thread 0x0000014fcd4e7b60 nmethod 99 0x0000014fb8d47a10 code [0x0000014fb8d47ba0, 0x0000014fb8d47c70]
Event: 0.199 Thread 0x0000014fcd4e7b60  100       3       java.lang.invoke.MethodType::hashCode (53 bytes)
Event: 0.199 Thread 0x0000014fcd4e7b60 nmethod 100 0x0000014fb128b010 code [0x0000014fb128b1e0, 0x0000014fb128b578]
Event: 0.199 Thread 0x0000014fcd4e7b60  103       3       java.lang.invoke.MethodType$ConcurrentWeakInternSet::expungeStaleElements (27 bytes)
Event: 0.199 Thread 0x0000014fcd4e7b60 nmethod 103 0x0000014fb128b710 code [0x0000014fb128b8e0, 0x0000014fb128bc48]
Event: 0.199 Thread 0x0000014fcd4e7b60  104   !   3       java.lang.ref.NativeReferenceQueue::poll (28 bytes)
Event: 0.200 Thread 0x0000014fcd4e7b60 nmethod 104 0x0000014fb128bd90 code [0x0000014fb128bf60, 0x0000014fb128c2c8]
Event: 0.200 Thread 0x0000014fcd4e7b60  105       3       jdk.internal.org.objectweb.asm.SymbolTable::get (13 bytes)
Event: 0.200 Thread 0x0000014fcd4e7b60 nmethod 105 0x0000014fb128c410 code [0x0000014fb128c5c0, 0x0000014fb128c720]
Event: 0.200 Thread 0x0000014fcd4e7b60  106       3       java.lang.Class::getClassLoader (28 bytes)
Event: 0.200 Thread 0x0000014fcd4e7b60 nmethod 106 0x0000014fb128c810 code [0x0000014fb128ca60, 0x0000014fb128d5c8]
Event: 0.201 Thread 0x0000014fcd4e7b60  108       3       jdk.internal.org.objectweb.asm.ByteVector::putUTF8 (144 bytes)
Event: 0.202 Thread 0x0000014fcd4e7b60 nmethod 108 0x0000014fb128d910 code [0x0000014fb128db80, 0x0000014fb128e670]
Event: 0.202 Thread 0x0000014fcd4e7b60  107       3       java.util.concurrent.ConcurrentHashMap::get (162 bytes)
Event: 0.202 Thread 0x0000014fcd4e7b60 nmethod 107 0x0000014fb128eb10 code [0x0000014fb128ed80, 0x0000014fb128f898]

GC Heap History (0 events):
No events

Dll operation events (2 events):
Event: 0.007 Loaded shared library C:\java\openjdk-21+35\bin\java.dll
Event: 0.080 Loaded shared library C:\java\openjdk-21+35\bin\jsvml.dll

Deoptimization events (0 events):
No events

Classes loaded (20 events):
Event: 0.201 Loading class java/util/stream/TerminalOp done
Event: 0.201 Loading class java/util/stream/ReduceOps$ReduceOp done
Event: 0.201 Loading class java/util/stream/ReduceOps$3 done
Event: 0.202 Loading class java/util/stream/ReduceOps$3ReducingSink
Event: 0.202 Loading class java/util/stream/ReduceOps$AccumulatingSink
Event: 0.202 Loading class java/util/stream/TerminalSink
Event: 0.202 Loading class java/util/stream/Sink
Event: 0.202 Loading class java/util/function/Consumer
Event: 0.202 Loading class java/util/function/Consumer done
Event: 0.202 Loading class java/util/stream/Sink done
Event: 0.202 Loading class java/util/stream/TerminalSink done
Event: 0.202 Loading class java/util/stream/ReduceOps$AccumulatingSink done
Event: 0.202 Loading class java/util/stream/ReduceOps$Box
Event: 0.202 Loading class java/util/stream/ReduceOps$Box done
Event: 0.202 Loading class java/util/stream/ReduceOps$3ReducingSink done
Event: 0.202 Loading class java/util/stream/ReferencePipeline$3$1
Event: 0.202 Loading class java/util/stream/Sink$ChainedReference
Event: 0.202 Loading class java/util/stream/Sink$ChainedReference done
Event: 0.202 Loading class java/util/stream/ReferencePipeline$3$1 done
Event: 0.202 Loading class java/util/stream/ReferencePipeline$2$1

Classes unloaded (0 events):
No events

Classes redefined (0 events):
No events

Internal exceptions (0 events):
No events

ZGC Phase Switch (0 events):
No events

VM Operations (0 events):
No events

Events (10 events):
Event: 0.016 Thread 0x0000014fa6ab02d0 Thread added: 0x0000014fa6ab02d0
Event: 0.076 Thread 0x0000014fcd4ae320 Thread added: 0x0000014fcd4ae320
Event: 0.077 Thread 0x0000014fcd4f3880 Thread added: 0x0000014fcd4f3880
Event: 0.078 Thread 0x0000014fcd5046a0 Thread added: 0x0000014fcd5046a0
Event: 0.078 Thread 0x0000014fcd4dc310 Thread added: 0x0000014fcd4dc310
Event: 0.078 Thread 0x0000014fcd4dcd70 Thread added: 0x0000014fcd4dcd70
Event: 0.078 Thread 0x0000014fcd4df7e0 Thread added: 0x0000014fcd4df7e0
Event: 0.078 Thread 0x0000014fcd50d050 Thread added: 0x0000014fcd50d050
Event: 0.079 Thread 0x0000014fcd4e7b60 Thread added: 0x0000014fcd4e7b60
Event: 0.194 Thread 0x0000014fcd691ce0 Thread added: 0x0000014fcd691ce0


Dynamic libraries:
0x00007ff608a80000 - 0x00007ff608a8e000 	C:\java\openjdk-21+35\bin\java.exe
0x00007ffcef670000 - 0x00007ffcef868000 	C:\WINDOWS\SYSTEM32\ntdll.dll
0x00007ffced6c0000 - 0x00007ffced782000 	C:\WINDOWS\System32\KERNEL32.DLL
0x00007ffced390000 - 0x00007ffced68e000 	C:\WINDOWS\System32\KERNELBASE.dll
0x00007ffcecd10000 - 0x00007ffcece10000 	C:\WINDOWS\System32\ucrtbase.dll
0x00007ffce9950000 - 0x00007ffce996b000 	C:\java\openjdk-21+35\bin\VCRUNTIME140.dll
0x00007ffce9920000 - 0x00007ffce9938000 	C:\java\openjdk-21+35\bin\jli.dll
0x00007ffcef490000 - 0x00007ffcef62d000 	C:\WINDOWS\System32\USER32.dll
0x00007ffced280000 - 0x00007ffced2a2000 	C:\WINDOWS\System32\win32u.dll
0x00007ffcdb580000 - 0x00007ffcdb81a000 	C:\WINDOWS\WinSxS\amd64_microsoft.windows.common-controls_6595b64144ccf1df_6.0.19041.4355_none_60b8b9eb71f62e16\COMCTL32.dll
0x00007ffced690000 - 0x00007ffced6bb000 	C:\WINDOWS\System32\GDI32.dll
0x00007ffcee780000 - 0x00007ffcee81e000 	C:\WINDOWS\System32\msvcrt.dll
0x00007ffced0f0000 - 0x00007ffced207000 	C:\WINDOWS\System32\gdi32full.dll
0x00007ffcece40000 - 0x00007ffcecedd000 	C:\WINDOWS\System32\msvcp_win.dll
0x00007ffcedb50000 - 0x00007ffcedb7f000 	C:\WINDOWS\System32\IMM32.DLL
0x00007ffce9990000 - 0x00007ffce999c000 	C:\java\openjdk-21+35\bin\vcruntime140_1.dll
0x00007ffce6b40000 - 0x00007ffce6bce000 	C:\java\openjdk-21+35\bin\msvcp140.dll
0x00007ffcab030000 - 0x00007ffcabdaf000 	C:\java\openjdk-21+35\bin\server\jvm.dll
0x00007ffcee470000 - 0x00007ffcee522000 	C:\WINDOWS\System32\ADVAPI32.dll
0x00007ffceec80000 - 0x00007ffceed20000 	C:\WINDOWS\System32\sechost.dll
0x00007ffcee650000 - 0x00007ffcee773000 	C:\WINDOWS\System32\RPCRT4.dll
0x00007ffcece10000 - 0x00007ffcece37000 	C:\WINDOWS\System32\bcrypt.dll
0x00007ffcedc50000 - 0x00007ffcedcbb000 	C:\WINDOWS\System32\WS2_32.dll
0x00007ffcec260000 - 0x00007ffcec2ab000 	C:\WINDOWS\SYSTEM32\POWRPROF.dll
0x00007ffcd9fa0000 - 0x00007ffcd9fc7000 	C:\WINDOWS\SYSTEM32\WINMM.dll
0x00007ffce4500000 - 0x00007ffce450a000 	C:\WINDOWS\SYSTEM32\VERSION.dll
0x00007ffcec0d0000 - 0x00007ffcec0e2000 	C:\WINDOWS\SYSTEM32\UMPDC.dll
0x00007ffceb540000 - 0x00007ffceb552000 	C:\WINDOWS\SYSTEM32\kernel.appcore.dll
0x00007ffce9910000 - 0x00007ffce991a000 	C:\java\openjdk-21+35\bin\jimage.dll
0x00007ffcddc40000 - 0x00007ffcdde24000 	C:\WINDOWS\SYSTEM32\DBGHELP.DLL
0x00007ffcd1430000 - 0x00007ffcd1464000 	C:\WINDOWS\SYSTEM32\dbgcore.DLL
0x00007ffced2b0000 - 0x00007ffced332000 	C:\WINDOWS\System32\bcryptPrimitives.dll
0x00007ffce9900000 - 0x00007ffce990f000 	C:\java\openjdk-21+35\bin\instrument.dll
0x00007ffce70b0000 - 0x00007ffce70cf000 	C:\java\openjdk-21+35\bin\java.dll
0x00007ffceed20000 - 0x00007ffcef48f000 	C:\WINDOWS\System32\SHELL32.dll
0x00007ffceac90000 - 0x00007ffceb434000 	C:\WINDOWS\SYSTEM32\windows.storage.dll
0x00007ffced7f0000 - 0x00007ffcedb43000 	C:\WINDOWS\System32\combase.dll
0x00007ffcec660000 - 0x00007ffcec68e000 	C:\WINDOWS\SYSTEM32\Wldp.dll
0x00007ffceeac0000 - 0x00007ffceeb8d000 	C:\WINDOWS\System32\OLEAUT32.dll
0x00007ffcedb80000 - 0x00007ffcedc2d000 	C:\WINDOWS\System32\SHCORE.dll
0x00007ffcee360000 - 0x00007ffcee3b5000 	C:\WINDOWS\System32\shlwapi.dll
0x00007ffcecc40000 - 0x00007ffcecc64000 	C:\WINDOWS\SYSTEM32\profapi.dll
0x00007ffccf860000 - 0x00007ffccf937000 	C:\java\openjdk-21+35\bin\jsvml.dll

dbghelp: loaded successfully - version: 4.0.5 - missing functions: none
symbol engine: initialized successfully - sym options: 0x614 - pdb path: .;C:\java\openjdk-21+35\bin;C:\WINDOWS\SYSTEM32;C:\WINDOWS\WinSxS\amd64_microsoft.windows.common-controls_6595b64144ccf1df_6.0.19041.4355_none_60b8b9eb71f62e16;C:\java\openjdk-21+35\bin\server

VM Arguments:
jvm_args: -ea -Didea.test.cyclic.buffer.size=1048576 -javaagent:C:\Users\mai\JetBrains\IntelliJ IDEA\lib\idea_rt.jar=5983:C:\Users\mai\JetBrains\IntelliJ IDEA\bin -Dfile.encoding=UTF-8 -Dsun.stdout.encoding=UTF-8 -Dsun.stderr.encoding=UTF-8 
java_command: com.intellij.rt.junit.JUnitStarter -ideVersion5 -junit5 ua.mai.zyme.r2dbcmysql.webclient.R2dbsMysqlWebClientForMemberControllerTests,insertMember_ERR101_NotNullNewMemberId
java_class_path (initial): C:\Users\mai\.m2\repository\org\junit\platform\junit-platform-launcher\1.10.3\junit-platform-launcher-1.10.3.jar;C:\Users\mai\.m2\repository\org\junit\platform\junit-platform-engine\1.10.3\junit-platform-engine-1.10.3.jar;C:\Users\mai\.m2\repository\org\opentest4j\opentest4j\1.3.0\opentest4j-1.3.0.jar;C:\Users\mai\.m2\repository\org\junit\platform\junit-platform-commons\1.10.3\junit-platform-commons-1.10.3.jar;C:\Users\mai\.m2\repository\org\apiguardian\apiguardian-api\1.1.2\apiguardian-api-1.1.2.jar;C:\Users\mai\.m2\repository\org\junit\vintage\junit-vintage-engine\5.10.3\junit-vintage-engine-5.10.3.jar;C:\Users\mai\JetBrains\IntelliJ IDEA\lib\idea_rt.jar;C:\Users\mai\JetBrains\IntelliJ IDEA\plugins\junit\lib\junit5-rt.jar;C:\Users\mai\JetBrains\IntelliJ IDEA\plugins\junit\lib\junit-rt.jar;C:\work\idea_home\zyme\reactor\r2dbc-mysql-webclient\target\test-classes;C:\work\idea_home\zyme\reactor\r2dbc-mysql-webclient\target\classes;C:\work\idea_home\zyme\reactor\r2dbc-mysql-be\target\classes;D:\JAVA\.m2\repository\org\apache\commons\commons-lang3\3.14.0\commons-lang3-3.14.0.jar;D:\JAVA\.m2\repository\org\springframework\boot\spring-boot-starter-data-r2dbc\3.3.4\spring-boot-starter-data-r2dbc-3.3.4.jar;D:\JAVA\.m2\repository\org\springframework\boot\spring-boot-starter\3.3.4\spring-boot-starter-3.3.4.jar;D:\JAVA\.m2\repository\org\springframework\boot\spring-boot\3.3.4\spring-boot-3.3.4.jar;D:\JAVA\.m2\repository\org\springframework\boot\spring-boot-autoconfigure\3.3.4\spring-boot-autoconfigure-3.3.4.jar;D:\JAVA\.m2\repository\org\springframework\boot\spring-boot-starter-logging\3.3.4\spring-boot-starter-logging-3.3.4.jar;D:\JAVA\.m2\repository\ch\qos\logback\logback-classic\1.5.8\logback-classic-1.5.8.jar;D:\JAVA\.m2\repository\ch\qos\logback\logback-core\1.5.8\logback-core-1.5.8.jar;D:\JAVA\.m2\repository\org\apache\logging\log4j\log4j-to-slf4j\2.23.1\log4j-to-slf4j-2.23.1.jar;D:\JAVA\.m2\repository\org\apache\logging\log4j\log4j-api\2.23.1\log4j-api-2.23.1.jar;D:\JAVA\.m2\repository\org\slf4j\jul-to-slf4j\2.0.16\jul-to-slf4j-2.0.16.jar;D:\JAVA\.m2\repository\jakarta\annotation\jakarta.annotation-api\2.1.1\jakarta.annotation-api-2.1.1.jar;D:\JAVA\.m2\repository\org\yaml\snakeyaml\2.2\snakeyaml-2.2.jar;D:\JAVA\.m2\repository\org\springframework\data\spring-data-r2dbc\3.3.4\spring-data-r2dbc-3.3.4.jar;D:\JAVA\.m2\repository\org\springframework\data\spring-data-relational\3.3.4\spring-data-relational-3.3.4.jar;D:\JAVA\.m2\repository\org\springframework\data\spring-data-commons\3.3.4\spring-data-commons-3.3.4.jar;D:\JAVA\.m2\repository\org\springframework\spring-tx\6.1.13\spring-tx-6.1.13.jar;D:\JAVA\.m2\repository\org\springframework\spring-context\6.1.13\spring-context-6.1.13.jar;D:\JAVA\.m2\repository\org\springframework\spring-aop\6.1.13\spring-aop-6.1.13.jar;D:\JAVA\.m2\repository\org\springframework\spring-expression\6.1.13\spring-expression-6.1.13.jar;D:\JAVA\.m2\repository\org\springframework\spring-beans\6.1.13\spring-beans-6.1.13.jar;D:\JAVA\.m2\repository\org\springframework\spring-jdbc\6.1.13\spring-jdbc-6.1.13.jar;D:\JAVA\.m2\repository\org\springframework\spring-r2dbc\6.1.13\spring-r2dbc-6.1.13.jar;D:\JAVA\.m2\repository\io\r2dbc\r2dbc-spi\1.0.0.RELEASE\r2dbc-spi-1.0.0.RELEASE.jar;D:\JAVA\.m2\repository\io\r2dbc\r2dbc-pool\1.0.1.RELEASE\r2dbc-pool-1.0.1.RELEASE.jar;D:\JAVA\.m2\repository\io\projectreactor\addons\reactor-pool\1.0.8\reactor-pool-1.0.8.jar;D:\JAVA\.m2\repository\org\springframework\boot\spring-boot-starter-webflux\3.3.4\spring-boot-starter-webflux-3.3.4.jar;D:\JAVA\.m2\repository\org\springframework\boot\spring-boot-starter-json\3.3.4\spring-boot-starter-json-3.3.4.jar;D:\JAVA\.m2\repository\com\fasterxml\jackson\datatype\jackson-datatype-jdk8\2.17.2\jackson-datatype-jdk8-2.17.2.jar;D:\JAVA\.m2\repository\com\fasterxml\jackson\module\jackson-module-parameter-names\2.17.2\jackson-module-parameter-names-2.17.2.jar;D:\JAVA\.m2\repository\org\springframework\boot\spring-boot-starter-reactor-netty\3.3.4\spring-boot-starter-reactor-netty-3.3.4.jar;D:\JAVA\.m2\repository\io\projectreactor\netty\reactor-netty-http\1.1.22\reactor-netty-http-1.1.22.jar;D:\JAVA\.m2\repository\io\netty\netty-codec-http\4.1.113.Final\netty-codec-http-4.1.113.Final.jar;D:\JAVA\.m2\repository\io\netty\netty-codec-http2\4.1.113.Final\netty-codec-http2-4.1.113.Final.jar;D:\JAVA\.m2\repository\org\springframework\spring-web\6.1.13\spring-web-6.1.13.jar;D:\JAVA\.m2\repository\io\micrometer\micrometer-observation\1.13.4\micrometer-observation-1.13.4.jar;D:\JAVA\.m2\repository\io\micrometer\micrometer-commons\1.13.4\micrometer-commons-1.13.4.jar;D:\JAVA\.m2\repository\org\springframework\spring-webflux\6.1.13\spring-webflux-6.1.13.jar;D:\JAVA\.m2\repository\io\asyncer\r2dbc-mysql\1.3.0\r2dbc-mysql-1.3.0.jar;D:\JAVA\.m2\repository\io\projectreactor\reactor-core\3.6.10\reactor-core-3.6.10.jar;D:\JAVA\.m2\repository\io\projectreactor\netty\reactor-netty-core\1.1.22\reactor-netty-core-1.1.22.jar;D:\JAVA\.m2\repository\io\netty\netty-handler\4.1.113.Final\netty-handler-4.1.113.Final.jar;D:\JAVA\.m2\repository\io\netty\netty-common\4.1.113.Final\netty-common-4.1.113.Final.jar;D:\JAVA\.m2\repository\io\netty\netty-resolver\4.1.113.Final\netty-resolver-4.1.113.Final.jar;D:\JAVA\.m2\repository\io\netty\netty-buffer\4.1.113.Final\netty-buffer-4.1.113.Final.jar;D:\JAVA\.m2\repository\io\netty\netty-transport\4.1.113.Final\netty-transport-4.1.113.Final.jar;D:\JAVA\.m2\repository\io\netty\netty-transport-native-unix-common\4.1.113.Final\netty-transport-native-unix-common-4.1.113.Final.jar;D:\JAVA\.m2\repository\io\netty\netty-codec\4.1.113.Final\netty-codec-4.1.113.Final.jar;D:\JAVA\.m2\repository\io\netty\netty-handler-proxy\4.1.113.Final\netty-handler-proxy-4.1.113.Final.jar;D:\JAVA\.m2\repository\io\netty\netty-codec-socks\4.1.113.Final\netty-codec-socks-4.1.113.Final.jar;D:\JAVA\.m2\repository\io\netty\netty-resolver-dns\4.1.113.Final\netty-resolver-dns-4.1.113.Final.jar;D:\JAVA\.m2\repository\io\netty\netty-codec-dns\4.1.113.Final\netty-codec-dns-4.1.113.Final.jar;D:\JAVA\.m2\repository\io\netty\netty-resolver-dns-native-macos\4.1.113.Final\netty-resolver-dns-native-macos-4.1.113.Final-osx-x86_64.jar;D:\JAVA\.m2\repository\io\netty\netty-resolver-dns-classes-macos\4.1.113.Final\netty-resolver-dns-classes-macos-4.1.113.Final.jar;D:\JAVA\.m2\repository\io\netty\netty-transport-native-epoll\4.1.113.Final\netty-transport-native-epoll-4.1.113.Final-linux-x86_64.jar;D:\JAVA\.m2\repository\io\netty\netty-transport-classes-epoll\4.1.113.Final\netty-transport-classes-epoll-4.1.113.Final.jar;D:\JAVA\.m2\repository\org\eclipse\jetty\jetty-reactive-httpclient\4.0.8\jetty-reactive-httpclient-4.0.8.jar;D:\JAVA\.m2\repository\org\reactivestreams\reactive-streams\1.0.4\reactive-streams-1.0.4.jar;D:\JAVA\.m2\repository\org\eclipse\jetty\jetty-client\12.0.13\jetty-client-12.0.13.jar;D:\JAVA\.m2\repository\org\eclipse\jetty\jetty-alpn-client\12.0.13\jetty-alpn-client-12.0.13.jar;D:\JAVA\.m2\repository\org\eclipse\jetty\jetty-http\12.0.13\jetty-http-12.0.13.jar;D:\JAVA\.m2\repository\org\eclipse\jetty\jetty-util\12.0.13\jetty-util-12.0.13.jar;D:\JAVA\.m2\repository\org\eclipse\jetty\jetty-io\12.0.13\jetty-io-12.0.13.jar;D:\JAVA\.m2\repository\org\slf4j\slf4j-api\2.0.16\slf4j-api-2.0.16.jar;D:\JAVA\.m2\repository\org\projectlombok\lombok\1.18.34\lombok-1.18.34.jar;D:\JAVA\.m2\repository\com\fasterxml\jackson\datatype\jackson-datatype-jsr310\2.17.2\jackson-datatype-jsr310-2.17.2.jar;D:\JAVA\.m2\repository\com\fasterxml\jackson\core\jackson-annotations\2.17.2\jackson-annotations-2.17.2.jar;D:\JAVA\.m2\repository\com\fasterxml\jackson\core\jackson-core\2.17.2\jackson-core-2.17.2.jar;D:\JAVA\.m2\repository\org\springframework\boot\spring-boot-starter-test\3.3.4\spring-boot-starter-test-3.3.4.jar;D:\JAVA\.m2\repository\org\springframework\boot\spring-boot-test\3.3.4\spring-boot-test-3.3.4.jar;D:\JAVA\.m2\repository\org\springframework\boot\spring-boot-test-autoconfigure\3.3.4\spring-boot-test-autoconfigure-3.3.4.jar;D:\JAVA\.m2\repository\com\jayway\jsonpath\json-path\2.9.0\json-path-2.9.0.jar;D:\JAVA\.m2\repository\jakarta\xml\bind\jakarta.xml.bind-api\4.0.2\jakarta.xml.bind-api-4.0.2.jar;D:\JAVA\.m2\repository\jakarta\activation\jakarta.activation-api\2.1.3\jakarta.activation-api-2.1.3.jar;D:\JAVA\.m2\repository\net\minidev\json-smart\2.5.1\json-smart-2.5.1.jar;D:\JAVA\.m2\repository\net\minidev\accessors-smart\2.5.1\accessors-smart-2.5.1.jar;D:\JAVA\.m2\repository\org\ow2\asm\asm\9.6\asm-9.6.jar;D:\JAVA\.m2\repository\org\awaitility\awaitility\4.2.2\awaitility-4.2.2.jar;D:\JAVA\.m2\repository\org\hamcrest\hamcrest\2.2\hamcrest-2.2.jar;D:\JAVA\.m2\repository\org\junit\jupiter\junit-jupiter\5.10.3\junit-jupiter-5.10.3.jar;D:\JAVA\.m2\repository\org\junit\jupiter\junit-jupiter-api\5.10.3\junit-jupiter-api-5.10.3.jar;D:\JAVA\.m2\repository\org\opentest4j\opentest4j\1.3.0\opentest4j-1.3.0.jar;D:\JAVA\.m2\repository\org\junit\platform\junit-platform-commons\1.10.3\junit-platform-commons-1.10.3.jar;D:\JAVA\.m2\repository\org\apiguardian\apiguardian-api\1.1.2\apiguardian-api-1.1.2.jar;D:\JAVA\.m2\repository\org\junit\jupiter\junit-jupiter-params\5.10.3\junit-jupiter-params-5.10.3.jar;D:\JAVA\.m2\repository\org\junit\jupiter\junit-jupiter-engine\5.10.3\junit-jupiter-engine-5.10.3.jar;D:\JAVA\.m2\repository\org\junit\platform\junit-platform-engine\1.10.3\junit-platform-engine-1.10.3.jar;D:\JAVA\.m2\repository\org\mockito\mockito-core\5.11.0\mockito-core-5.11.0.jar;D:\JAVA\.m2\repository\net\bytebuddy\byte-buddy-agent\1.14.19\byte-buddy-agent-1.14.19.jar;D:\JAVA\.m2\repository\org\objenesis\objenesis\3.3\objenesis-3.3.jar;D:\JAVA\.m2\repository\org\mockito\mockito-junit-jupiter\5.11.0\mockito-junit-jupiter-5.11.0.jar;D:\JAVA\.m2\repository\org\skyscreamer\jsonassert\1.5.3\jsonassert-1.5.3.jar;D:\JAVA\.m2\repository\com\vaadin\external\google\android-json\0.0.20131108.vaadin1\android-json-0.0.20131108.vaadin1.jar;D:\JAVA\.m2\repository\org\springframework\spring-core\6.1.13\spring-core-6.1.13.jar;D:\JAVA\.m2\repository\org\springframework\spring-jcl\6.1.13\spring-jcl-6.1.13.jar;D:\JAVA\.m2\repository\org\springframework\spring-test\6.1.13\spring-test-6.1.13.jar;D:\JAVA\.m2\repository\org\xmlunit\xmlunit-core\2.9.1\xmlunit-core-2.9.1.jar;D:\JAVA\.m2\repository\io\projectreactor\reactor-test\3.6.10\reactor-test-3.6.10.jar;D:\JAVA\.m2\repository\junit\junit\4.13.2\junit-4.13.2.jar;D:\JAVA\.m2\repository\org\hamcrest\hamcrest-core\2.2\hamcrest-core-2.2.jar;D:\JAVA\.m2\repository\org\assertj\assertj-core\3.26.3\assertj-core-3.26.3.jar;D:\JAVA\.m2\repository\net\bytebuddy\byte-buddy\1.14.19\byte-buddy-1.14.19.jar;D:\JAVA\.m2\repository\com\fasterxml\jackson\core\jackson-databind\2.17.2\jackson-databind-2.17.2.jar
Launcher Type: SUN_STANDARD

[Global flags]
     intx CICompilerCount                          = 4                                         {product} {ergonomic}
     uint ConcGCThreads                            = 3                                         {product} {ergonomic}
     uint G1ConcRefinementThreads                  = 10                                        {product} {ergonomic}
   size_t G1HeapRegionSize                         = 4194304                                   {product} {ergonomic}
    uintx GCDrainStackTargetSize                   = 64                                        {product} {ergonomic}
   size_t InitialHeapSize                          = 536870912                                 {product} {ergonomic}
   size_t MarkStackSize                            = 4194304                                   {product} {ergonomic}
   size_t MaxHeapSize                              = 8564768768                                {product} {ergonomic}
   size_t MaxNewSize                               = 5138022400                                {product} {ergonomic}
   size_t MinHeapDeltaBytes                        = 4194304                                   {product} {ergonomic}
   size_t MinHeapSize                              = 8388608                                   {product} {ergonomic}
    uintx NonNMethodCodeHeapSize                   = 5839372                                {pd product} {ergonomic}
    uintx NonProfiledCodeHeapSize                  = 122909434                              {pd product} {ergonomic}
    uintx ProfiledCodeHeapSize                     = 122909434                              {pd product} {ergonomic}
    uintx ReservedCodeCacheSize                    = 251658240                              {pd product} {ergonomic}
     bool SegmentedCodeCache                       = true                                      {product} {ergonomic}
   size_t SoftMaxHeapSize                          = 8564768768                             {manageable} {ergonomic}
     bool UseCompressedOops                        = true                           {product lp64_product} {ergonomic}
     bool UseG1GC                                  = true                                      {product} {ergonomic}
     bool UseLargePagesIndividualAllocation        = false                                  {pd product} {ergonomic}

Logging:
Log output configuration:
 #0: stdout all=warning uptime,level,tags foldmultilines=false
 #1: stderr all=off uptime,level,tags foldmultilines=false

Environment Variables:
JAVA_HOME=C:\java\openjdk-21+35
PATH=C:\java\openjdk-21+35\bin;D:\JAVA\gradle-8.10\bin;C:\app\client\product\12.2.0\client_1\bin;C:\app\product\12.2.0\client_1;C:\ProgramData\Oracle\Java\javapath;C:\Program Files\TortoiseSVN\bin;D:\Program Files\Python27;D:\Program Files\Python27\Scripts;D:\Program Files (x86)\Python38-32;D:\Program Files (x86)\Python38-32\Scripts;C:\Python311\;C:\Python311\Scripts\;C:\Windows\system32;C:\Windows;C:\Windows\System32\Wbem;C:\Windows\System32\WindowsPowerShell\v1.0\;C:\java\apache-maven-3.9.2\bin;C:\Program Files (x86)\NVIDIA Corporation\PhysX\Common;C:\WINDOWS\system32;C:\WINDOWS;C:\WINDOWS\System32\Wbem;C:\WINDOWS\System32\WindowsPowerShell\v1.0\;C:\WINDOWS\System32\OpenSSH\;C:\Program Files\7-Zip\;C:\Program Files (x86)\GnuWin32\bin;D:\Program Files\Git\cmd;C:\Program Files\Microsoft VS Code\bin;C:\Program Files\PuTTY\;C:\java\apache-ant-1.10.5\bin;C:\ProgramData\chocolatey\bin;C:\Users\mai\AppData\Roaming\nvm;C:\Program Files\nodejs;C:\Program Files\nodejs\;C:\Program Files\TortoiseSVN\bin;C:\Program Files\NVIDIA Corporation\NVIDIA NvDLISR;C:\Program Files\Docker\Docker\resources\bin;C:\Program Files\Common Files\Oracle\Java\javapath;D:\Program Files\Python27;D:\Program Files\Python27\Scripts;D:\Program Files (x86)\Python38-32\Scripts\;D:\Program Files (x86)\Python38-32\;C:\Users\mai\AppData\Local\Microsoft\WindowsApps;C:\Users\mai\AppData\Roaming\nvm;C:\Program Files\nodejs;C:\Users\mai\AppData\Roaming\npm;C:\Users\mai\AppData\Roaming\Programs\Zero Install
USERNAME=mai
OS=Windows_NT
PROCESSOR_IDENTIFIER=Intel64 Family 6 Model 63 Stepping 2, GenuineIntel
TMP=C:\Users\mai\AppData\Local\Temp
TEMP=C:\Users\mai\AppData\Local\Temp




---------------  S Y S T E M  ---------------

OS:
 Windows 10 , 64 bit Build 19041 (10.0.19041.4957)
OS uptime: 8 days 5:17 hours
Hyper-V role detected

CPU: total 12 (initial active 12) (6 cores per cpu, 2 threads per core) family 6 model 63 stepping 2 microcode 0x43, cx8, cmov, fxsr, ht, mmx, sse, sse2, sse3, ssse3, sse4.1, sse4.2, popcnt, lzcnt, tsc, tscinvbit, avx, avx2, aes, erms, clmul, bmi1, bmi2, fma, vzeroupper, clflush, hv, rdtscp, f16c
Processor Information for all 12 processors :
  Max Mhz: 3301, Current Mhz: 3301, Mhz Limit: 3301

Memory: 4k page, system-wide physical 32669M (6883M free)
TotalPageFile size 63056M (AvailPageFile size 3M)
current process WorkingSet (physical memory assigned to process): 30M, peak: 30M
current process commit charge ("private bytes"): 598M, peak: 600M

vm_info: OpenJDK 64-Bit Server VM (21+35-LTS) for windows-amd64 JRE (21+35-LTS), built on 2023-09-19T00:00:00Z by "admin" with unknown MS VC++:1937

END.
